<?xml version="1.0" encoding="UTF-8"?>
<!-- Generated by org.testng.reporters.JUnitReportReporter -->
<testsuite hostname="DESKTOP-O2VAEQR" failures="0" tests="1" name="streams.Example" time="0.033" errors="0" timestamp="2024-08-31T09:12:10 IST" skipped="0">
  <testcase classname="streams.Example" name="regular" time="0.033"/>
</testsuite> <!-- streams.Example -->
