<?xml version="1.0" encoding="UTF-8"?>
<!-- Generated by org.testng.reporters.JUnitReportReporter -->
<testsuite hostname="DESKTOP-O2VAEQR" failures="0" tests="2" name="streams.LamdaEXpressions.StreamEx" time="0.014" errors="0" timestamp="2024-09-02T10:24:52 IST" skipped="0">
  <testcase classname="streams.LamdaEXpressions.StreamEx" name="regular" time="0.003"/>
  <testcase classname="streams.LamdaEXpressions.StreamEx" name="streamfilter" time="0.011"/>
</testsuite> <!-- streams.LamdaEXpressions.StreamEx -->
