<?xml version="1.0" encoding="UTF-8"?>
<!-- Generated by org.testng.reporters.JUnitReportReporter -->
<testsuite hostname="DESKTOP-O2VAEQR" failures="0" tests="3" name="frameworkdesign.ErrorValidationsTest" time="99.623" errors="0" timestamp="2024-09-04T12:53:13 IST" skipped="1">
  <testcase classname="frameworkdesign.ErrorValidationsTest" name="LoginErrorValidation" time="22.950"/>
  <testcase classname="frameworkdesign.ErrorValidationsTest" name="ProductErrorValidation" time="37.481"/>
  <testcase classname="frameworkdesign.ErrorValidationsTest" name="LoginErrorValidation" time="39.192">
    <skipped/>
  </testcase> <!-- LoginErrorValidation -->
</testsuite> <!-- frameworkdesign.ErrorValidationsTest -->
