<?xml version="1.0" encoding="UTF-8"?>
<!-- Generated by org.testng.reporters.JUnitReportReporter -->
<testsuite hostname="DESKTOP-O2VAEQR" failures="0" tests="1" name="frameworkdesign.ExtentReport" time="60.362" errors="0" timestamp="2024-09-04T09:42:44 IST" skipped="0">
  <testcase classname="frameworkdesign.ExtentReport" name="initializeDemo" time="60.362"/>
</testsuite> <!-- frameworkdesign.ExtentReport -->
