<?xml version="1.0" encoding="UTF-8"?>
<!-- Generated by org.testng.reporters.JUnitReportReporter -->
<testsuite hostname="DESKTOP-O2VAEQR" failures="0" tests="1" name="testng.testmethod" time="0.020" errors="0" timestamp="2024-09-02T10:24:52 IST" skipped="0">
  <testcase classname="testng.testmethod" name="name" time="0.020"/>
</testsuite> <!-- testng.testmethod -->
